{"C:\\Users\\Mohamed\\Downloads\\adez\\ad3z\\src\\external\\bot-skeleton\\services\\tradeEngine\\utils\\hedging.js": {"path":"C:\\Users\\Mohamed\\Downloads\\adez\\ad3z\\src\\external\\bot-skeleton\\services\\tradeEngine\\utils\\hedging.js","all":false,"statementMap":{"0":{"start":{"line":1,"column":0},"end":{"line":1,"column":65}},"1":{"start":{"line":2,"column":0},"end":{"line":2,"column":33}},"2":{"start":{"line":3,"column":0},"end":{"line":3,"column":0}},"3":{"start":{"line":4,"column":0},"end":{"line":4,"column":34}},"4":{"start":{"line":5,"column":0},"end":{"line":5,"column":32}},"5":{"start":{"line":6,"column":0},"end":{"line":6,"column":5}},"6":{"start":{"line":7,"column":0},"end":{"line":7,"column":0}},"7":{"start":{"line":8,"column":0},"end":{"line":8,"column":47}},"8":{"start":{"line":9,"column":0},"end":{"line":9,"column":2}},"9":{"start":{"line":10,"column":0},"end":{"line":10,"column":0}},"10":{"start":{"line":11,"column":0},"end":{"line":11,"column":124}},"11":{"start":{"line":12,"column":0},"end":{"line":12,"column":72}},"12":{"start":{"line":13,"column":0},"end":{"line":13,"column":69}},"13":{"start":{"line":14,"column":0},"end":{"line":14,"column":31}},"14":{"start":{"line":15,"column":0},"end":{"line":15,"column":30}},"15":{"start":{"line":16,"column":0},"end":{"line":16,"column":0}},"16":{"start":{"line":17,"column":0},"end":{"line":17,"column":12}},"17":{"start":{"line":18,"column":0},"end":{"line":18,"column":29}},"18":{"start":{"line":19,"column":0},"end":{"line":19,"column":27}},"19":{"start":{"line":20,"column":0},"end":{"line":20,"column":20}},"20":{"start":{"line":21,"column":0},"end":{"line":21,"column":19}},"21":{"start":{"line":22,"column":0},"end":{"line":22,"column":93}},"22":{"start":{"line":23,"column":0},"end":{"line":23,"column":6}},"23":{"start":{"line":24,"column":0},"end":{"line":24,"column":2}}},"s":{"0":1,"1":6,"2":6,"3":6,"4":1,"5":1,"6":5,"7":6,"8":6,"9":1,"10":1,"11":3,"12":3,"13":3,"14":3,"15":3,"16":3,"17":3,"18":3,"19":3,"20":3,"21":3,"22":3,"23":3},"branchMap":{"0":{"type":"branch","line":1,"loc":{"start":{"line":1,"column":38},"end":{"line":9,"column":2}},"locations":[{"start":{"line":1,"column":38},"end":{"line":9,"column":2}}]},"1":{"type":"branch","line":1,"loc":{"start":{"line":1,"column":55},"end":{"line":1,"column":59}},"locations":[{"start":{"line":1,"column":55},"end":{"line":1,"column":59}}]},"2":{"type":"branch","line":4,"loc":{"start":{"line":4,"column":33},"end":{"line":6,"column":5}},"locations":[{"start":{"line":4,"column":33},"end":{"line":6,"column":5}}]},"3":{"type":"branch","line":6,"loc":{"start":{"line":6,"column":4},"end":{"line":8,"column":30}},"locations":[{"start":{"line":6,"column":4},"end":{"line":8,"column":30}}]},"4":{"type":"branch","line":8,"loc":{"start":{"line":8,"column":26},"end":{"line":8,"column":46}},"locations":[{"start":{"line":8,"column":26},"end":{"line":8,"column":46}}]},"5":{"type":"branch","line":11,"loc":{"start":{"line":11,"column":44},"end":{"line":24,"column":2}},"locations":[{"start":{"line":11,"column":44},"end":{"line":24,"column":2}}]},"6":{"type":"branch","line":11,"loc":{"start":{"line":11,"column":123},"end":{"line":11,"column":118}},"locations":[{"start":{"line":11,"column":123},"end":{"line":11,"column":118}}]},"7":{"type":"branch","line":11,"loc":{"start":{"line":11,"column":92},"end":{"line":11,"column":94}},"locations":[{"start":{"line":11,"column":92},"end":{"line":11,"column":94}}]},"8":{"type":"branch","line":11,"loc":{"start":{"line":11,"column":111},"end":{"line":11,"column":116}},"locations":[{"start":{"line":11,"column":111},"end":{"line":11,"column":116}}]}},"b":{"0":[6],"1":[0],"2":[1],"3":[5],"4":[3],"5":[3],"6":[0],"7":[0],"8":[0]},"fnMap":{"0":{"name":"normalizeHedgingOffset","decl":{"start":{"line":1,"column":38},"end":{"line":9,"column":2}},"loc":{"start":{"line":1,"column":38},"end":{"line":9,"column":2}},"line":1},"1":{"name":"getHedgingPurchaseStatements","decl":{"start":{"line":11,"column":44},"end":{"line":24,"column":2}},"loc":{"start":{"line":11,"column":44},"end":{"line":24,"column":2}},"line":11}},"f":{"0":6,"1":3}}
}
