TN:
SF:src\external\bot-skeleton\services\tradeEngine\utils\hedging.js
FN:1,normalizeHedgingOffset
FN:12,getHedgingPurchaseStatements
FNF:2
FNH:2
FNDA:6,normalizeHedgingOffset
FNDA:3,getHedgingPurchaseStatements
DA:1,1
DA:2,6
DA:3,6
DA:4,6
DA:5,6
DA:6,1
DA:7,1
DA:8,5
DA:9,6
DA:10,6
DA:11,1
DA:12,1
DA:13,3
DA:14,3
DA:15,3
DA:16,3
DA:17,3
DA:18,3
DA:19,3
DA:20,3
DA:21,3
DA:22,3
DA:23,3
DA:24,3
DA:25,3
LF:25
LH:25
BRDA:1,0,0,6
BRDA:1,1,0,0
BRDA:1,2,0,0
BRDA:3,3,0,0
BRDA:5,4,0,1
BRDA:7,5,0,5
BRDA:9,6,0,3
BRDA:12,7,0,3
BRDA:12,8,0,0
BRDA:12,9,0,0
BRDA:12,10,0,0
BRF:11
BRH:5
end_of_record
