TN:
SF:src\external\bot-skeleton\services\tradeEngine\utils\hedging.js
FN:1,normalizeHedgingOffset
FN:11,getHedgingPurchaseStatements
FNF:2
FNH:2
FNDA:6,normalizeHedgingOffset
FNDA:3,getHedgingPurchaseStatements
DA:1,1
DA:2,6
DA:3,6
DA:4,6
DA:5,1
DA:6,1
DA:7,5
DA:8,6
DA:9,6
DA:10,1
DA:11,1
DA:12,3
DA:13,3
DA:14,3
DA:15,3
DA:16,3
DA:17,3
DA:18,3
DA:19,3
DA:20,3
DA:21,3
DA:22,3
DA:23,3
DA:24,3
LF:24
LH:24
BRDA:1,0,0,6
BRDA:1,1,0,0
BRDA:4,2,0,1
BRDA:6,3,0,5
BRDA:8,4,0,3
BRDA:11,5,0,3
BRDA:11,6,0,0
BRDA:11,7,0,0
BRDA:11,8,0,0
BRF:9
BRH:5
end_of_record
